<?xml version="1.0" encoding="UTF-8"?>
<testng-results ignored="0" total="2" passed="2" failed="0" skipped="0">
  <reporter-output>
    <line>
      <![CDATA[Title not Matching]]>
    </line>
    <line>
      <![CDATA[Title Matching]]>
    </line>
  </reporter-output>
  <suite started-at="2022-11-01T20:29:34 IST" name="Default suite" finished-at="2022-11-01T20:29:44 IST" duration-ms="10570">
    <groups>
    </groups>
    <test started-at="2022-11-01T20:29:34 IST" name="Default test" finished-at="2022-11-01T20:29:44 IST" duration-ms="10570">
      <class name="nov1.AdvanceReports">
        <test-method is-config="true" signature="generateReport()[pri:0, instance:nov1.AdvanceReports@2a265ea9]" started-at="2022-11-01T20:29:34 IST" name="generateReport" finished-at="2022-11-01T20:29:34 IST" duration-ms="266" status="PASS">
          <reporter-output>
          </reporter-output>
        </test-method> <!-- generateReport -->
        <test-method is-config="true" signature="setUp()[pri:0, instance:nov1.AdvanceReports@2a265ea9]" started-at="2022-11-01T20:29:34 IST" name="setUp" finished-at="2022-11-01T20:29:38 IST" duration-ms="4585" status="PASS">
          <reporter-output>
          </reporter-output>
        </test-method> <!-- setUp -->
        <test-method signature="failTest()[pri:0, instance:nov1.AdvanceReports@2a265ea9]" started-at="2022-11-01T20:29:38 IST" name="failTest" finished-at="2022-11-01T20:29:39 IST" duration-ms="129" status="PASS">
          <reporter-output>
            <line>
              <![CDATA[Title not Matching]]>
            </line>
          </reporter-output>
        </test-method> <!-- failTest -->
        <test-method is-config="true" signature="tearDown()[pri:0, instance:nov1.AdvanceReports@2a265ea9]" started-at="2022-11-01T20:29:39 IST" name="tearDown" finished-at="2022-11-01T20:29:40 IST" duration-ms="1149" status="PASS">
          <reporter-output>
          </reporter-output>
        </test-method> <!-- tearDown -->
        <test-method is-config="true" signature="setUp()[pri:0, instance:nov1.AdvanceReports@2a265ea9]" started-at="2022-11-01T20:29:40 IST" name="setUp" finished-at="2022-11-01T20:29:43 IST" duration-ms="3818" status="PASS">
          <reporter-output>
          </reporter-output>
        </test-method> <!-- setUp -->
        <test-method signature="passtest()[pri:0, instance:nov1.AdvanceReports@2a265ea9]" started-at="2022-11-01T20:29:43 IST" name="passtest" finished-at="2022-11-01T20:29:44 IST" duration-ms="11" status="PASS">
          <reporter-output>
            <line>
              <![CDATA[Title Matching]]>
            </line>
          </reporter-output>
        </test-method> <!-- passtest -->
        <test-method is-config="true" signature="tearDown()[pri:0, instance:nov1.AdvanceReports@2a265ea9]" started-at="2022-11-01T20:29:44 IST" name="tearDown" finished-at="2022-11-01T20:29:44 IST" duration-ms="556" status="PASS">
          <reporter-output>
          </reporter-output>
        </test-method> <!-- tearDown -->
      </class> <!-- nov1.AdvanceReports -->
    </test> <!-- Default test -->
  </suite> <!-- Default suite -->
</testng-results>
